<?xml version="1.0" encoding="UTF-8"?>
<testng-results ignored="0" total="1" passed="1" failed="0" skipped="0">
  <reporter-output>
  </reporter-output>
  <suite started-at="2021-04-13T12:51:45Z" name="Default suite" finished-at="2021-04-13T12:51:51Z" duration-ms="6057">
    <groups>
    </groups>
    <test started-at="2021-04-13T12:51:45Z" name="Default test" finished-at="2021-04-13T12:51:51Z" duration-ms="6057">
      <class name="TestCases.DropDown">
        <test-method signature="demo()[pri:0, instance:TestCases.DropDown@1a6d8329]" started-at="2021-04-13T12:51:45Z" name="demo" finished-at="2021-04-13T12:51:51Z" duration-ms="6029" status="PASS">
          <reporter-output>
          </reporter-output>
        </test-method> <!-- demo -->
      </class> <!-- TestCases.DropDown -->
    </test> <!-- Default test -->
  </suite> <!-- Default suite -->
</testng-results>
